Using pre-set license
Built from '2020.3/staging' branch; Version is '2020.3.25f1 (9b9180224418) revision 10195328'; Using compiler version '192528614'; Build Type 'Release'
OS: 'Windows 10  (10.0.19044) 64bit CoreSingleLanguage' Language: 'en' Physical Memory: 16204 MB
BatchMode: 1, IsHumanControllingUs: 0, StartBugReporterOnCrash: 0, Is64bit: 1, IsPro: 0

COMMAND LINE ARGUMENTS:
C:\Program Files\Unity\Hub\Editor\2020.3.25f1\Editor\Unity.exe
-adb2
-batchMode
-noUpm
-name
AssetImportWorker0
-projectPath
E:/sems6/Shooting-Bird-Fix
-logFile
Logs/AssetImportWorker0.log
-srvPort
49886
Successfully changed project path to: E:/sems6/Shooting-Bird-Fix
E:/sems6/Shooting-Bird-Fix
Using Asset Import Pipeline V2.
Refreshing native plugins compatible for Editor in 42.42 ms, found 0 plugins.
Preloading 0 native plugins for Editor in 0.00 ms.
Initialize engine version: 2020.3.25f1 (9b9180224418)
[Subsystems] Discovering subsystems at path C:/Program Files/Unity/Hub/Editor/2020.3.25f1/Editor/Data/Resources/UnitySubsystems
[Subsystems] Discovering subsystems at path E:/sems6/Shooting-Bird-Fix/Assets
GfxDevice: creating device client; threaded=0
Direct3D:
    Version:  Direct3D 11.0 [level 11.1]
    Renderer: NVIDIA GeForce GTX 1660 Ti (ID=0x2191)
    Vendor:   
    VRAM:     5991 MB
    Driver:   30.0.15.1179
Initialize mono
Mono path[0] = 'C:/Program Files/Unity/Hub/Editor/2020.3.25f1/Editor/Data/Managed'
Mono path[1] = 'C:/Program Files/Unity/Hub/Editor/2020.3.25f1/Editor/Data/MonoBleedingEdge/lib/mono/unityjit'
Mono config path = 'C:/Program Files/Unity/Hub/Editor/2020.3.25f1/Editor/Data/MonoBleedingEdge/etc'
Using monoOptions --debugger-agent=transport=dt_socket,embedding=1,server=y,suspend=n,address=127.0.0.1:56048
Begin MonoManager ReloadAssembly
Registering precompiled unity dll's ...
Register platform support module: C:/Program Files/Unity/Hub/Editor/2020.3.25f1/Editor/Data/PlaybackEngines/WindowsStandaloneSupport/UnityEditor.WindowsStandalone.Extensions.dll
Registered in 0.001806 seconds.
Native extension for WindowsStandalone target not found
Refreshing native plugins compatible for Editor in 45.73 ms, found 0 plugins.
Preloading 0 native plugins for Editor in 0.00 ms.
Mono: successfully reloaded assembly
- Completed reload, in  0.534 seconds
Domain Reload Profiling:
	ReloadAssembly (534ms)
		BeginReloadAssembly (52ms)
			ExecutionOrderSort (0ms)
			DisableScriptedObjects (0ms)
			BackupInstance (0ms)
			ReleaseScriptingObjects (0ms)
			CreateAndSetChildDomain (1ms)
		EndReloadAssembly (418ms)
			LoadAssemblies (50ms)
			RebuildTransferFunctionScriptingTraits (0ms)
			SetupTypeCache (139ms)
			ReleaseScriptCaches (0ms)
			RebuildScriptCaches (26ms)
			SetupLoadedEditorAssemblies (162ms)
				LogAssemblyErrors (0ms)
				InitializePlatformSupportModulesInManaged (4ms)
				SetLoadedEditorAssemblies (0ms)
				RefreshPlugins (46ms)
				BeforeProcessingInitializeOnLoad (16ms)
				ProcessInitializeOnLoadAttributes (71ms)
				ProcessInitializeOnLoadMethodAttributes (25ms)
				AfterProcessingInitializeOnLoad (0ms)
				EditorAssembliesLoaded (0ms)
			ExecutionOrderSort2 (0ms)
			AwakeInstancesAfterBackupRestoration (0ms)
Platform modules already initialized, skipping
Registering precompiled user dll's ...
Registered in 0.001890 seconds.
Begin MonoManager ReloadAssembly
Native extension for WindowsStandalone target not found
Refreshing native plugins compatible for Editor in 43.48 ms, found 0 plugins.
Preloading 0 native plugins for Editor in 0.00 ms.
Mono: successfully reloaded assembly
- Completed reload, in  0.928 seconds
Domain Reload Profiling:
	ReloadAssembly (928ms)
		BeginReloadAssembly (132ms)
			ExecutionOrderSort (0ms)
			DisableScriptedObjects (4ms)
			BackupInstance (0ms)
			ReleaseScriptingObjects (0ms)
			CreateAndSetChildDomain (17ms)
		EndReloadAssembly (741ms)
			LoadAssemblies (81ms)
			RebuildTransferFunctionScriptingTraits (0ms)
			SetupTypeCache (231ms)
			ReleaseScriptCaches (0ms)
			RebuildScriptCaches (66ms)
			SetupLoadedEditorAssemblies (261ms)
				LogAssemblyErrors (0ms)
				InitializePlatformSupportModulesInManaged (3ms)
				SetLoadedEditorAssemblies (0ms)
				RefreshPlugins (44ms)
				BeforeProcessingInitializeOnLoad (79ms)
				ProcessInitializeOnLoadAttributes (121ms)
				ProcessInitializeOnLoadMethodAttributes (8ms)
				AfterProcessingInitializeOnLoad (6ms)
				EditorAssembliesLoaded (0ms)
			ExecutionOrderSort2 (0ms)
			AwakeInstancesAfterBackupRestoration (6ms)
Platform modules already initialized, skipping
========================================================================
Worker process is ready to serve import requests
Launched and connected shader compiler UnityShaderCompiler.exe after 0.03 seconds
Refreshing native plugins compatible for Editor in 0.43 ms, found 0 plugins.
Preloading 0 native plugins for Editor in 0.00 ms.
Unloading 2730 Unused Serialized files (Serialized files now loaded: 0)
System memory in use before: 131.0 MB.
System memory in use after: 131.0 MB.

Unloading 15 unused Assets to reduce memory usage. Loaded Objects now: 3166.
Total: 2.439000 ms (FindLiveObjects: 0.205800 ms CreateObjectMapping: 0.121100 ms MarkObjects: 2.054000 ms  DeleteObjects: 0.057500 ms)

AssetImportParameters requested are different than current active one (requested -> active):
  custom:framework-win-MediaFoundation: 216162199b28c13a410421893ffa2e32 -> 
  custom:video-decoder-ogg-theora: a1e56fd34408186e4bbccfd4996cb3dc -> 
  custom:container-muxer-webm: aa71ff27fc2769a1b78a27578f13a17b -> 
  custom:container-demuxer-webm: 4f35f7cbe854078d1ac9338744f61a02 -> 
  custom:container-demuxer-ogg: 62fdf1f143b41e24485cea50d1cbac27 -> 
  custom:video-encoder-webm-vp8: eb34c28f22e8b96e1ab97ce403110664 -> 
  custom:video-decoder-webm-vp8: 9c59270c3fd7afecdb556c50c9e8de78 -> 
  custom:audio-decoder-ogg-vorbis: bf7c407c2cedff20999df2af8eb42d56 -> 
  custom:audio-encoder-webm-vorbis: bf7c407c2cedff20999df2af8eb42d56 -> 
========================================================================
Received Import Request.
  path: Assets/Scenes
  artifactKey: Guid(c9bac40d9d20b4749a74e603872a82ed) Importer(815301076,1909f56bfc062723c751e8b465ee728b)
Start importing Assets/Scenes using Guid(c9bac40d9d20b4749a74e603872a82ed) Importer(815301076,1909f56bfc062723c751e8b465ee728b)  -> (artifact id: '3c77bc8b44b18a0d09d6d90b73615690') in 0.007281 seconds 
  Import took 0.011071 seconds .

========================================================================
Received Import Request.
  Time since last request: 7.798311 seconds.
  path: Assets/Scenes/Mockup.unity
  artifactKey: Guid(dea87063ff01e1248be013e31832b0d7) Importer(815301076,1909f56bfc062723c751e8b465ee728b)
Start importing Assets/Scenes/Mockup.unity using Guid(dea87063ff01e1248be013e31832b0d7) Importer(815301076,1909f56bfc062723c751e8b465ee728b)  -> (artifact id: 'fb043229823b993a881552a6fb23ce68') in 0.015121 seconds 
  Import took 0.019545 seconds .

========================================================================
Received Import Request.
  Time since last request: 16.391016 seconds.
  path: Assets/Scenes/VectorDemo.unity
  artifactKey: Guid(dbcb755f76ec1854c87c109a10f31a00) Importer(815301076,1909f56bfc062723c751e8b465ee728b)
Start importing Assets/Scenes/VectorDemo.unity using Guid(dbcb755f76ec1854c87c109a10f31a00) Importer(815301076,1909f56bfc062723c751e8b465ee728b)  -> (artifact id: 'afa459bbdc30a7af315c602a03c50f55') in 0.007117 seconds 
  Import took 0.011812 seconds .

========================================================================
Received Import Request.
  Time since last request: 7.723018 seconds.
  path: Assets/Scenes/Game
  artifactKey: Guid(c3362e8618cd0d44cb0c9c952e51a86c) Importer(815301076,1909f56bfc062723c751e8b465ee728b)
Start importing Assets/Scenes/Game using Guid(c3362e8618cd0d44cb0c9c952e51a86c) Importer(815301076,1909f56bfc062723c751e8b465ee728b)  -> (artifact id: '8cf697325037c3bef63c76936f6fc4bd') in 0.005501 seconds 
  Import took 0.011436 seconds .

========================================================================
Received Import Request.
  Time since last request: 1.950968 seconds.
  path: Assets/Scenes/Game/Game.unity
  artifactKey: Guid(d26e48549134feb4891bc2b611e9eb9b) Importer(815301076,1909f56bfc062723c751e8b465ee728b)
Start importing Assets/Scenes/Game/Game.unity using Guid(d26e48549134feb4891bc2b611e9eb9b) Importer(815301076,1909f56bfc062723c751e8b465ee728b)  -> (artifact id: '9314113d33af9a1627589a07f0a2ff1b') in 0.006778 seconds 
  Import took 0.012204 seconds .

========================================================================
Received Import Request.
  Time since last request: 26.485350 seconds.
  path: Assets/Scenes/Game/Loading.unity
  artifactKey: Guid(b1aaa8419b166f247b8b5f7ef2761f2f) Importer(815301076,1909f56bfc062723c751e8b465ee728b)
Start importing Assets/Scenes/Game/Loading.unity using Guid(b1aaa8419b166f247b8b5f7ef2761f2f) Importer(815301076,1909f56bfc062723c751e8b465ee728b)  -> (artifact id: 'ea5288106fe20c9497353684a4720366') in 0.007375 seconds 
  Import took 0.012894 seconds .

========================================================================
Received Import Request.
  Time since last request: 7.089664 seconds.
  path: Assets/Scenes/Example_Turret.unity
  artifactKey: Guid(eed7ae4b694e84147b680753663e8e00) Importer(815301076,1909f56bfc062723c751e8b465ee728b)
Start importing Assets/Scenes/Example_Turret.unity using Guid(eed7ae4b694e84147b680753663e8e00) Importer(815301076,1909f56bfc062723c751e8b465ee728b)  -> (artifact id: 'd9c11fdc1acae2f63b4be06f0e357735') in 0.007945 seconds 
  Import took 0.013026 seconds .

========================================================================
Received Import Request.
  Time since last request: 6.429074 seconds.
  path: Assets/Scenes/Example_Character.unity
  artifactKey: Guid(4dcab0481a76ae64ea0b3661a6fa8221) Importer(815301076,1909f56bfc062723c751e8b465ee728b)
Start importing Assets/Scenes/Example_Character.unity using Guid(4dcab0481a76ae64ea0b3661a6fa8221) Importer(815301076,1909f56bfc062723c751e8b465ee728b)  -> (artifact id: '3c37686c1626f3a554c24ad592e5a8a0') in 0.005870 seconds 
  Import took 0.010380 seconds .

========================================================================
Received Prepare
Registering precompiled user dll's ...
Registered in 0.001714 seconds.
Begin MonoManager ReloadAssembly
Native extension for WindowsStandalone target not found
Refreshing native plugins compatible for Editor in 0.44 ms, found 0 plugins.
Preloading 0 native plugins for Editor in 0.00 ms.
Mono: successfully reloaded assembly
- Completed reload, in  0.837 seconds
Domain Reload Profiling:
	ReloadAssembly (837ms)
		BeginReloadAssembly (96ms)
			ExecutionOrderSort (0ms)
			DisableScriptedObjects (4ms)
			BackupInstance (0ms)
			ReleaseScriptingObjects (0ms)
			CreateAndSetChildDomain (25ms)
		EndReloadAssembly (684ms)
			LoadAssemblies (82ms)
			RebuildTransferFunctionScriptingTraits (0ms)
			SetupTypeCache (234ms)
			ReleaseScriptCaches (1ms)
			RebuildScriptCaches (53ms)
			SetupLoadedEditorAssemblies (209ms)
				LogAssemblyErrors (0ms)
				InitializePlatformSupportModulesInManaged (3ms)
				SetLoadedEditorAssemblies (0ms)
				RefreshPlugins (0ms)
				BeforeProcessingInitializeOnLoad (77ms)
				ProcessInitializeOnLoadAttributes (114ms)
				ProcessInitializeOnLoadMethodAttributes (7ms)
				AfterProcessingInitializeOnLoad (7ms)
				EditorAssembliesLoaded (0ms)
			ExecutionOrderSort2 (0ms)
			AwakeInstancesAfterBackupRestoration (15ms)
Platform modules already initialized, skipping
Refreshing native plugins compatible for Editor in 0.42 ms, found 0 plugins.
Preloading 0 native plugins for Editor in 0.00 ms.
Unloading 2598 Unused Serialized files (Serialized files now loaded: 0)
System memory in use before: 121.5 MB.
System memory in use after: 121.8 MB.

Unloading 10 unused Assets to reduce memory usage. Loaded Objects now: 3169.
Total: 2.377900 ms (FindLiveObjects: 0.207500 ms CreateObjectMapping: 0.166400 ms MarkObjects: 1.989700 ms  DeleteObjects: 0.013700 ms)

AssetImportParameters requested are different than current active one (requested -> active):
  custom:framework-win-MediaFoundation: 216162199b28c13a410421893ffa2e32 -> 
  custom:video-decoder-ogg-theora: a1e56fd34408186e4bbccfd4996cb3dc -> 
  custom:container-muxer-webm: aa71ff27fc2769a1b78a27578f13a17b -> 
  custom:container-demuxer-webm: 4f35f7cbe854078d1ac9338744f61a02 -> 
  custom:container-demuxer-ogg: 62fdf1f143b41e24485cea50d1cbac27 -> 
  custom:video-encoder-webm-vp8: eb34c28f22e8b96e1ab97ce403110664 -> 
  custom:video-decoder-webm-vp8: 9c59270c3fd7afecdb556c50c9e8de78 -> 
  custom:audio-decoder-ogg-vorbis: bf7c407c2cedff20999df2af8eb42d56 -> 
  custom:audio-encoder-webm-vorbis: bf7c407c2cedff20999df2af8eb42d56 -> 
========================================================================
Received Import Request.
  Time since last request: 226.534736 seconds.
  path: Assets/Scenes/Mockup.unity
  artifactKey: Guid(dea87063ff01e1248be013e31832b0d7) Importer(815301076,1909f56bfc062723c751e8b465ee728b)
Start importing Assets/Scenes/Mockup.unity using Guid(dea87063ff01e1248be013e31832b0d7) Importer(815301076,1909f56bfc062723c751e8b465ee728b)  -> (artifact id: '56edea23db1a554a2eab3c599787a7e5') in 0.019466 seconds 
  Import took 0.024092 seconds .

========================================================================
Received Import Request.
  Time since last request: 6.063369 seconds.
  path: Assets/Scenes/Example_Character 1.unity
  artifactKey: Guid(b4d9d9998c0df034d90b7ed9417e651a) Importer(815301076,1909f56bfc062723c751e8b465ee728b)
Start importing Assets/Scenes/Example_Character 1.unity using Guid(b4d9d9998c0df034d90b7ed9417e651a) Importer(815301076,1909f56bfc062723c751e8b465ee728b)  -> (artifact id: '12976d8e227b7af2431797ba2dce1871') in 0.005709 seconds 
  Import took 0.011097 seconds .

========================================================================
Received Import Request.
  Time since last request: 22.189188 seconds.
  path: Assets/Scenes/Mockup.unity
  artifactKey: Guid(b4d9d9998c0df034d90b7ed9417e651a) Importer(815301076,1909f56bfc062723c751e8b465ee728b)
Start importing Assets/Scenes/Mockup.unity using Guid(b4d9d9998c0df034d90b7ed9417e651a) Importer(815301076,1909f56bfc062723c751e8b465ee728b)  -> (artifact id: '345c6e1191c01298247a88095cfc77bf') in 0.001985 seconds 
  Import took 0.006647 seconds .

========================================================================
Received Prepare
Registering precompiled user dll's ...
Registered in 0.001783 seconds.
Begin MonoManager ReloadAssembly
Native extension for WindowsStandalone target not found
Refreshing native plugins compatible for Editor in 0.44 ms, found 0 plugins.
Preloading 0 native plugins for Editor in 0.00 ms.
Mono: successfully reloaded assembly
- Completed reload, in  0.841 seconds
Domain Reload Profiling:
	ReloadAssembly (842ms)
		BeginReloadAssembly (97ms)
			ExecutionOrderSort (0ms)
			DisableScriptedObjects (4ms)
			BackupInstance (0ms)
			ReleaseScriptingObjects (0ms)
			CreateAndSetChildDomain (23ms)
		EndReloadAssembly (686ms)
			LoadAssemblies (88ms)
			RebuildTransferFunctionScriptingTraits (0ms)
			SetupTypeCache (228ms)
			ReleaseScriptCaches (1ms)
			RebuildScriptCaches (57ms)
			SetupLoadedEditorAssemblies (204ms)
				LogAssemblyErrors (0ms)
				InitializePlatformSupportModulesInManaged (3ms)
				SetLoadedEditorAssemblies (0ms)
				RefreshPlugins (0ms)
				BeforeProcessingInitializeOnLoad (77ms)
				ProcessInitializeOnLoadAttributes (109ms)
				ProcessInitializeOnLoadMethodAttributes (7ms)
				AfterProcessingInitializeOnLoad (7ms)
				EditorAssembliesLoaded (0ms)
			ExecutionOrderSort2 (0ms)
			AwakeInstancesAfterBackupRestoration (12ms)
Platform modules already initialized, skipping
Refreshing native plugins compatible for Editor in 0.47 ms, found 0 plugins.
Preloading 0 native plugins for Editor in 0.00 ms.
Unloading 2598 Unused Serialized files (Serialized files now loaded: 0)
System memory in use before: 121.6 MB.
System memory in use after: 121.8 MB.

Unloading 10 unused Assets to reduce memory usage. Loaded Objects now: 3172.
Total: 2.412700 ms (FindLiveObjects: 0.214800 ms CreateObjectMapping: 0.127700 ms MarkObjects: 2.054400 ms  DeleteObjects: 0.014800 ms)

AssetImportParameters requested are different than current active one (requested -> active):
  custom:framework-win-MediaFoundation: 216162199b28c13a410421893ffa2e32 -> 
  custom:video-decoder-ogg-theora: a1e56fd34408186e4bbccfd4996cb3dc -> 
  custom:container-muxer-webm: aa71ff27fc2769a1b78a27578f13a17b -> 
  custom:container-demuxer-webm: 4f35f7cbe854078d1ac9338744f61a02 -> 
  custom:container-demuxer-ogg: 62fdf1f143b41e24485cea50d1cbac27 -> 
  custom:video-encoder-webm-vp8: eb34c28f22e8b96e1ab97ce403110664 -> 
  custom:video-decoder-webm-vp8: 9c59270c3fd7afecdb556c50c9e8de78 -> 
  custom:audio-decoder-ogg-vorbis: bf7c407c2cedff20999df2af8eb42d56 -> 
  custom:audio-encoder-webm-vorbis: bf7c407c2cedff20999df2af8eb42d56 -> 
========================================================================
Received Import Request.
  Time since last request: 113.535998 seconds.
  path: Assets/Resources/Player.prefab
  artifactKey: Guid(10bd38a5b11e2384e94849bd10446400) Importer(815301076,1909f56bfc062723c751e8b465ee728b)
Start importing Assets/Resources/Player.prefab using Guid(10bd38a5b11e2384e94849bd10446400) Importer(815301076,1909f56bfc062723c751e8b465ee728b)  -> (artifact id: '73205dfdb8a0d633425e46915c1aa590') in 0.253953 seconds 
  Import took 0.259793 seconds .

========================================================================
Received Import Request.
  Time since last request: 5.701171 seconds.
  path: Assets/Resources
  artifactKey: Guid(80e8151363a7ee14386784413f9c7d2a) Importer(815301076,1909f56bfc062723c751e8b465ee728b)
Start importing Assets/Resources using Guid(80e8151363a7ee14386784413f9c7d2a) Importer(815301076,1909f56bfc062723c751e8b465ee728b)  -> (artifact id: '9ac627d3bcddf14367c6fc33540347b6') in 0.005399 seconds 
  Import took 0.010916 seconds .

========================================================================
Received Import Request.
  Time since last request: 4.882386 seconds.
  path: Assets/Resources/Sprite
  artifactKey: Guid(e0036349bc10f67458ea22a68ea1f134) Importer(815301076,1909f56bfc062723c751e8b465ee728b)
Start importing Assets/Resources/Sprite using Guid(e0036349bc10f67458ea22a68ea1f134) Importer(815301076,1909f56bfc062723c751e8b465ee728b)  -> (artifact id: 'ff884e61a4d73ba75536c974d41e50cc') in 0.005151 seconds 
  Import took 0.009438 seconds .

========================================================================
Received Import Request.
  Time since last request: 60.152519 seconds.
  path: Assets/Resources/Sprite/aa.png
  artifactKey: Guid(7ac65e7159d439841996ef9f21507dc7) Importer(815301076,1909f56bfc062723c751e8b465ee728b)
Start importing Assets/Resources/Sprite/aa.png using Guid(7ac65e7159d439841996ef9f21507dc7) Importer(815301076,1909f56bfc062723c751e8b465ee728b)  -> (artifact id: 'f1fa104943e682be6a28d41d48591655') in 0.050590 seconds 
  Import took 0.054463 seconds .

AssetImportWorkerClient::OnTransportError - code=2 error=End of file
